<?xml version="1.0" encoding="UTF-8"?>
<testsuite name="DemoTest" tests="1" skipped="0" failures="0" errors="0" timestamp="2023-02-12T01:01:20" hostname="NISHSLAPTOP" time="0.014">
  <properties/>
  <testcase name="testDemo()" classname="DemoTest" time="0.014"/>
  <system-out><![CDATA[hey
]]></system-out>
  <system-err><![CDATA[]]></system-err>
</testsuite>
